0 info it worked if it ends with ok
1 verbose cli [ 'C:\\Program Files\\nodejs\\node.exe',
1 verbose cli   'C:\\Program Files\\nodejs\\node_modules\\npm\\bin\\npm-cli.js',
1 verbose cli   'install' ]
2 info using npm@2.14.12
3 info using node@v4.3.0
4 verbose readDependencies loading dependencies from C:\Users\Fritz\Documents\GitHub\GradeTrack-Server\package.json
5 warn package.json tempPro@0.0.0 No repository field.
6 warn package.json tempPro@0.0.0 No license field.
7 verbose install where, deps [ 'C:\\Users\\Fritz\\Documents\\GitHub\\GradeTrack-Server',
7 verbose install   [ 'async',
7 verbose install     'body-parser',
7 verbose install     'bower',
7 verbose install     'cookie-parser',
7 verbose install     'debug',
7 verbose install     'express',
7 verbose install     'firebase',
7 verbose install     'morgan',
7 verbose install     'nodemailer',
7 verbose install     'estraverse',
7 verbose install     'gulp',
7 verbose install     'gulp-autoprefixer',
7 verbose install     'gulp-angular-templatecache',
7 verbose install     'del',
7 verbose install     'lodash',
7 verbose install     'gulp-cssnano',
7 verbose install     'gulp-filter',
7 verbose install     'gulp-flatten',
7 verbose install     'gulp-eslint',
7 verbose install     'eslint-plugin-angular',
7 verbose install     'gulp-load-plugins',
7 verbose install     'gulp-size',
7 verbose install     'gulp-uglify',
7 verbose install     'gulp-useref',
7 verbose install     'gulp-util',
7 verbose install     'gulp-ng-annotate',
7 verbose install     'gulp-replace',
7 verbose install     'gulp-rename',
7 verbose install     'gulp-rev',
7 verbose install     'gulp-rev-replace',
7 verbose install     'gulp-htmlmin',
7 verbose install     'gulp-inject',
7 verbose install     'gulp-protractor',
7 verbose install     'gulp-sourcemaps',
7 verbose install     'gulp-sass',
7 verbose install     'gulp-angular-filesort',
7 verbose install     'gulp-consolidate',
7 verbose install     'jade',
7 verbose install     'main-bower-files',
7 verbose install     'wiredep',
7 verbose install     'karma',
7 verbose install     'karma-jasmine',
7 verbose install     'karma-phantomjs-launcher',
7 verbose install     'phantomjs',
7 verbose install     'karma-angular-filesort',
7 verbose install     'karma-phantomjs-shim',
7 verbose install     'karma-coverage',
7 verbose install     'karma-ng-html2js-preprocessor',
7 verbose install     'browser-sync',
7 verbose install     'browser-sync-spa',
7 verbose install     'http-proxy-middleware',
7 verbose install     'chalk',
7 verbose install     'uglify-save-license',
7 verbose install     'wrench' ] ]
8 verbose install where, peers [ 'C:\\Users\\Fritz\\Documents\\GitHub\\GradeTrack-Server', [] ]
9 verbose installManyTop reading for lifecycle C:\Users\Fritz\Documents\GitHub\GradeTrack-Server\package.json
10 info preinstall tempPro@0.0.0
11 verbose installManyTop reading scoped package data from C:\Users\Fritz\Documents\GitHub\GradeTrack-Server\node_modules\async\package.json
12 verbose installManyTop reading scoped package data from C:\Users\Fritz\Documents\GitHub\GradeTrack-Server\node_modules\body-parser\package.json
13 verbose installManyTop reading scoped package data from C:\Users\Fritz\Documents\GitHub\GradeTrack-Server\node_modules\bower\package.json
14 verbose installManyTop reading scoped package data from C:\Users\Fritz\Documents\GitHub\GradeTrack-Server\node_modules\browser-sync\package.json
15 verbose installManyTop reading scoped package data from C:\Users\Fritz\Documents\GitHub\GradeTrack-Server\node_modules\browser-sync-spa\package.json
16 verbose installManyTop reading scoped package data from C:\Users\Fritz\Documents\GitHub\GradeTrack-Server\node_modules\chalk\package.json
17 verbose installManyTop reading scoped package data from C:\Users\Fritz\Documents\GitHub\GradeTrack-Server\node_modules\cookie-parser\package.json
18 verbose installManyTop reading scoped package data from C:\Users\Fritz\Documents\GitHub\GradeTrack-Server\node_modules\debug\package.json
19 verbose installManyTop reading scoped package data from C:\Users\Fritz\Documents\GitHub\GradeTrack-Server\node_modules\del\package.json
20 verbose installManyTop reading scoped package data from C:\Users\Fritz\Documents\GitHub\GradeTrack-Server\node_modules\eslint-plugin-angular\package.json
21 verbose installManyTop reading scoped package data from C:\Users\Fritz\Documents\GitHub\GradeTrack-Server\node_modules\estraverse\package.json
22 verbose installManyTop reading scoped package data from C:\Users\Fritz\Documents\GitHub\GradeTrack-Server\node_modules\express\package.json
23 verbose installManyTop reading scoped package data from C:\Users\Fritz\Documents\GitHub\GradeTrack-Server\node_modules\firebase\package.json
24 verbose installManyTop reading scoped package data from C:\Users\Fritz\Documents\GitHub\GradeTrack-Server\node_modules\gulp\package.json
25 verbose installManyTop reading scoped package data from C:\Users\Fritz\Documents\GitHub\GradeTrack-Server\node_modules\gulp-angular-filesort\package.json
26 verbose installManyTop reading scoped package data from C:\Users\Fritz\Documents\GitHub\GradeTrack-Server\node_modules\gulp-angular-templatecache\package.json
27 verbose installManyTop reading scoped package data from C:\Users\Fritz\Documents\GitHub\GradeTrack-Server\node_modules\gulp-autoprefixer\package.json
28 verbose installManyTop reading scoped package data from C:\Users\Fritz\Documents\GitHub\GradeTrack-Server\node_modules\gulp-consolidate\package.json
29 verbose installManyTop reading scoped package data from C:\Users\Fritz\Documents\GitHub\GradeTrack-Server\node_modules\gulp-cssnano\package.json
30 verbose installManyTop reading scoped package data from C:\Users\Fritz\Documents\GitHub\GradeTrack-Server\node_modules\gulp-eslint\package.json
31 verbose installManyTop reading scoped package data from C:\Users\Fritz\Documents\GitHub\GradeTrack-Server\node_modules\gulp-filter\package.json
32 verbose installManyTop reading scoped package data from C:\Users\Fritz\Documents\GitHub\GradeTrack-Server\node_modules\gulp-flatten\package.json
33 verbose installManyTop reading scoped package data from C:\Users\Fritz\Documents\GitHub\GradeTrack-Server\node_modules\gulp-htmlmin\package.json
34 verbose installManyTop reading scoped package data from C:\Users\Fritz\Documents\GitHub\GradeTrack-Server\node_modules\gulp-inject\package.json
35 verbose installManyTop reading scoped package data from C:\Users\Fritz\Documents\GitHub\GradeTrack-Server\node_modules\gulp-load-plugins\package.json
36 verbose installManyTop reading scoped package data from C:\Users\Fritz\Documents\GitHub\GradeTrack-Server\node_modules\gulp-ng-annotate\package.json
37 verbose installManyTop reading scoped package data from C:\Users\Fritz\Documents\GitHub\GradeTrack-Server\node_modules\gulp-protractor\package.json
38 verbose installManyTop reading scoped package data from C:\Users\Fritz\Documents\GitHub\GradeTrack-Server\node_modules\gulp-rename\package.json
39 verbose installManyTop reading scoped package data from C:\Users\Fritz\Documents\GitHub\GradeTrack-Server\node_modules\gulp-replace\package.json
40 verbose installManyTop reading scoped package data from C:\Users\Fritz\Documents\GitHub\GradeTrack-Server\node_modules\gulp-rev\package.json
41 verbose installManyTop reading scoped package data from C:\Users\Fritz\Documents\GitHub\GradeTrack-Server\node_modules\gulp-rev-replace\package.json
42 verbose installManyTop reading scoped package data from C:\Users\Fritz\Documents\GitHub\GradeTrack-Server\node_modules\gulp-sass\package.json
43 verbose installManyTop reading scoped package data from C:\Users\Fritz\Documents\GitHub\GradeTrack-Server\node_modules\gulp-size\package.json
44 verbose installManyTop reading scoped package data from C:\Users\Fritz\Documents\GitHub\GradeTrack-Server\node_modules\gulp-sourcemaps\package.json
45 verbose installManyTop reading scoped package data from C:\Users\Fritz\Documents\GitHub\GradeTrack-Server\node_modules\gulp-uglify\package.json
46 verbose installManyTop reading scoped package data from C:\Users\Fritz\Documents\GitHub\GradeTrack-Server\node_modules\gulp-useref\package.json
47 verbose installManyTop reading scoped package data from C:\Users\Fritz\Documents\GitHub\GradeTrack-Server\node_modules\gulp-util\package.json
48 verbose installManyTop reading scoped package data from C:\Users\Fritz\Documents\GitHub\GradeTrack-Server\node_modules\http-proxy-middleware\package.json
49 verbose installManyTop reading scoped package data from C:\Users\Fritz\Documents\GitHub\GradeTrack-Server\node_modules\jade\package.json
50 verbose installManyTop reading scoped package data from C:\Users\Fritz\Documents\GitHub\GradeTrack-Server\node_modules\jasmine-core\package.json
51 verbose installManyTop reading scoped package data from C:\Users\Fritz\Documents\GitHub\GradeTrack-Server\node_modules\karma\package.json
52 verbose installManyTop reading scoped package data from C:\Users\Fritz\Documents\GitHub\GradeTrack-Server\node_modules\karma-angular-filesort\package.json
53 verbose installManyTop reading scoped package data from C:\Users\Fritz\Documents\GitHub\GradeTrack-Server\node_modules\karma-coverage\package.json
54 verbose installManyTop reading scoped package data from C:\Users\Fritz\Documents\GitHub\GradeTrack-Server\node_modules\karma-jasmine\package.json
55 verbose installManyTop reading scoped package data from C:\Users\Fritz\Documents\GitHub\GradeTrack-Server\node_modules\karma-ng-html2js-preprocessor\package.json
56 verbose installManyTop reading scoped package data from C:\Users\Fritz\Documents\GitHub\GradeTrack-Server\node_modules\karma-phantomjs-launcher\package.json
57 verbose installManyTop reading scoped package data from C:\Users\Fritz\Documents\GitHub\GradeTrack-Server\node_modules\karma-phantomjs-shim\package.json
58 verbose installManyTop reading scoped package data from C:\Users\Fritz\Documents\GitHub\GradeTrack-Server\node_modules\lodash\package.json
59 verbose installManyTop reading scoped package data from C:\Users\Fritz\Documents\GitHub\GradeTrack-Server\node_modules\main-bower-files\package.json
60 verbose installManyTop reading scoped package data from C:\Users\Fritz\Documents\GitHub\GradeTrack-Server\node_modules\morgan\package.json
61 verbose installManyTop reading scoped package data from C:\Users\Fritz\Documents\GitHub\GradeTrack-Server\node_modules\nodemailer\package.json
62 verbose installManyTop reading scoped package data from C:\Users\Fritz\Documents\GitHub\GradeTrack-Server\node_modules\phantomjs\package.json
63 verbose installManyTop reading scoped package data from C:\Users\Fritz\Documents\GitHub\GradeTrack-Server\node_modules\uglify-save-license\package.json
64 verbose installManyTop reading scoped package data from C:\Users\Fritz\Documents\GitHub\GradeTrack-Server\node_modules\wiredep\package.json
65 verbose installManyTop reading scoped package data from C:\Users\Fritz\Documents\GitHub\GradeTrack-Server\node_modules\wrench\package.json
66 info package.json firebase@2.4.2 No license field.
67 info package.json gulp-consolidate@0.1.2 No license field.
68 info package.json gulp-inject@3.0.0 No license field.
69 info package.json gulp-protractor@2.1.0 No license field.
70 info package.json gulp-rename@1.2.2 No license field.
71 info package.json uglify-save-license@0.4.1 No license field.
72 info package.json wiredep@2.2.2 No license field.
73 info package.json wrench@1.5.9 No license field.
74 verbose readDependencies loading dependencies from C:\Users\Fritz\Documents\GitHub\GradeTrack-Server\package.json
75 verbose targetResolver reading package data from C:\Users\Fritz\Documents\GitHub\GradeTrack-Server\node_modules\async\package.json
76 verbose targetResolver reading package data from C:\Users\Fritz\Documents\GitHub\GradeTrack-Server\node_modules\body-parser\package.json
77 verbose targetResolver reading package data from C:\Users\Fritz\Documents\GitHub\GradeTrack-Server\node_modules\bower\package.json
78 verbose targetResolver reading package data from C:\Users\Fritz\Documents\GitHub\GradeTrack-Server\node_modules\browser-sync\package.json
79 verbose targetResolver reading package data from C:\Users\Fritz\Documents\GitHub\GradeTrack-Server\node_modules\browser-sync-spa\package.json
80 verbose targetResolver reading package data from C:\Users\Fritz\Documents\GitHub\GradeTrack-Server\node_modules\chalk\package.json
81 verbose targetResolver reading package data from C:\Users\Fritz\Documents\GitHub\GradeTrack-Server\node_modules\cookie-parser\package.json
82 verbose targetResolver reading package data from C:\Users\Fritz\Documents\GitHub\GradeTrack-Server\node_modules\debug\package.json
83 verbose targetResolver reading package data from C:\Users\Fritz\Documents\GitHub\GradeTrack-Server\node_modules\del\package.json
84 verbose targetResolver reading package data from C:\Users\Fritz\Documents\GitHub\GradeTrack-Server\node_modules\eslint-plugin-angular\package.json
85 verbose targetResolver reading package data from C:\Users\Fritz\Documents\GitHub\GradeTrack-Server\node_modules\estraverse\package.json
86 verbose targetResolver reading package data from C:\Users\Fritz\Documents\GitHub\GradeTrack-Server\node_modules\express\package.json
87 verbose targetResolver reading package data from C:\Users\Fritz\Documents\GitHub\GradeTrack-Server\node_modules\firebase\package.json
88 verbose targetResolver reading package data from C:\Users\Fritz\Documents\GitHub\GradeTrack-Server\node_modules\gulp\package.json
89 verbose targetResolver reading package data from C:\Users\Fritz\Documents\GitHub\GradeTrack-Server\node_modules\gulp-angular-filesort\package.json
90 verbose targetResolver reading package data from C:\Users\Fritz\Documents\GitHub\GradeTrack-Server\node_modules\gulp-angular-templatecache\package.json
91 verbose targetResolver reading package data from C:\Users\Fritz\Documents\GitHub\GradeTrack-Server\node_modules\gulp-autoprefixer\package.json
92 verbose targetResolver reading package data from C:\Users\Fritz\Documents\GitHub\GradeTrack-Server\node_modules\gulp-consolidate\package.json
93 verbose targetResolver reading package data from C:\Users\Fritz\Documents\GitHub\GradeTrack-Server\node_modules\gulp-cssnano\package.json
94 verbose targetResolver reading package data from C:\Users\Fritz\Documents\GitHub\GradeTrack-Server\node_modules\gulp-eslint\package.json
95 verbose targetResolver reading package data from C:\Users\Fritz\Documents\GitHub\GradeTrack-Server\node_modules\gulp-filter\package.json
96 verbose targetResolver reading package data from C:\Users\Fritz\Documents\GitHub\GradeTrack-Server\node_modules\gulp-flatten\package.json
97 verbose targetResolver reading package data from C:\Users\Fritz\Documents\GitHub\GradeTrack-Server\node_modules\gulp-htmlmin\package.json
98 verbose targetResolver reading package data from C:\Users\Fritz\Documents\GitHub\GradeTrack-Server\node_modules\gulp-inject\package.json
99 verbose targetResolver reading package data from C:\Users\Fritz\Documents\GitHub\GradeTrack-Server\node_modules\gulp-load-plugins\package.json
100 verbose targetResolver reading package data from C:\Users\Fritz\Documents\GitHub\GradeTrack-Server\node_modules\gulp-ng-annotate\package.json
101 verbose targetResolver reading package data from C:\Users\Fritz\Documents\GitHub\GradeTrack-Server\node_modules\gulp-protractor\package.json
102 verbose targetResolver reading package data from C:\Users\Fritz\Documents\GitHub\GradeTrack-Server\node_modules\gulp-rename\package.json
103 verbose targetResolver reading package data from C:\Users\Fritz\Documents\GitHub\GradeTrack-Server\node_modules\gulp-replace\package.json
104 verbose targetResolver reading package data from C:\Users\Fritz\Documents\GitHub\GradeTrack-Server\node_modules\gulp-rev\package.json
105 verbose targetResolver reading package data from C:\Users\Fritz\Documents\GitHub\GradeTrack-Server\node_modules\gulp-rev-replace\package.json
106 verbose targetResolver reading package data from C:\Users\Fritz\Documents\GitHub\GradeTrack-Server\node_modules\gulp-sass\package.json
107 verbose targetResolver reading package data from C:\Users\Fritz\Documents\GitHub\GradeTrack-Server\node_modules\gulp-size\package.json
108 verbose targetResolver reading package data from C:\Users\Fritz\Documents\GitHub\GradeTrack-Server\node_modules\gulp-sourcemaps\package.json
109 verbose targetResolver reading package data from C:\Users\Fritz\Documents\GitHub\GradeTrack-Server\node_modules\gulp-uglify\package.json
110 verbose targetResolver reading package data from C:\Users\Fritz\Documents\GitHub\GradeTrack-Server\node_modules\gulp-useref\package.json
111 verbose targetResolver reading package data from C:\Users\Fritz\Documents\GitHub\GradeTrack-Server\node_modules\gulp-util\package.json
112 verbose targetResolver reading package data from C:\Users\Fritz\Documents\GitHub\GradeTrack-Server\node_modules\http-proxy-middleware\package.json
113 verbose targetResolver reading package data from C:\Users\Fritz\Documents\GitHub\GradeTrack-Server\node_modules\jade\package.json
114 verbose targetResolver reading package data from C:\Users\Fritz\Documents\GitHub\GradeTrack-Server\node_modules\jasmine-core\package.json
115 verbose targetResolver reading package data from C:\Users\Fritz\Documents\GitHub\GradeTrack-Server\node_modules\karma\package.json
116 verbose targetResolver reading package data from C:\Users\Fritz\Documents\GitHub\GradeTrack-Server\node_modules\karma-angular-filesort\package.json
117 verbose targetResolver reading package data from C:\Users\Fritz\Documents\GitHub\GradeTrack-Server\node_modules\karma-coverage\package.json
118 verbose targetResolver reading package data from C:\Users\Fritz\Documents\GitHub\GradeTrack-Server\node_modules\karma-jasmine\package.json
119 verbose targetResolver reading package data from C:\Users\Fritz\Documents\GitHub\GradeTrack-Server\node_modules\karma-ng-html2js-preprocessor\package.json
120 verbose targetResolver reading package data from C:\Users\Fritz\Documents\GitHub\GradeTrack-Server\node_modules\karma-phantomjs-launcher\package.json
121 verbose targetResolver reading package data from C:\Users\Fritz\Documents\GitHub\GradeTrack-Server\node_modules\karma-phantomjs-shim\package.json
122 verbose targetResolver reading package data from C:\Users\Fritz\Documents\GitHub\GradeTrack-Server\node_modules\lodash\package.json
123 verbose targetResolver reading package data from C:\Users\Fritz\Documents\GitHub\GradeTrack-Server\node_modules\main-bower-files\package.json
124 verbose targetResolver reading package data from C:\Users\Fritz\Documents\GitHub\GradeTrack-Server\node_modules\morgan\package.json
125 verbose targetResolver reading package data from C:\Users\Fritz\Documents\GitHub\GradeTrack-Server\node_modules\nodemailer\package.json
126 verbose targetResolver reading package data from C:\Users\Fritz\Documents\GitHub\GradeTrack-Server\node_modules\phantomjs\package.json
127 verbose targetResolver reading package data from C:\Users\Fritz\Documents\GitHub\GradeTrack-Server\node_modules\uglify-save-license\package.json
128 verbose targetResolver reading package data from C:\Users\Fritz\Documents\GitHub\GradeTrack-Server\node_modules\wiredep\package.json
129 verbose targetResolver reading package data from C:\Users\Fritz\Documents\GitHub\GradeTrack-Server\node_modules\wrench\package.json
130 verbose already installed skipping gulp-rev-replace@~0.4.2 C:\Users\Fritz\Documents\GitHub\GradeTrack-Server
131 verbose already installed skipping gulp-htmlmin@~1.3.0 C:\Users\Fritz\Documents\GitHub\GradeTrack-Server
132 verbose already installed skipping gulp-inject@~3.0.0 C:\Users\Fritz\Documents\GitHub\GradeTrack-Server
133 verbose already installed skipping gulp-protractor@~2.1.0 C:\Users\Fritz\Documents\GitHub\GradeTrack-Server
134 verbose already installed skipping gulp-sourcemaps@~1.6.0 C:\Users\Fritz\Documents\GitHub\GradeTrack-Server
135 verbose already installed skipping gulp-sass@~2.0.4 C:\Users\Fritz\Documents\GitHub\GradeTrack-Server
136 verbose already installed skipping gulp-angular-filesort@~1.1.1 C:\Users\Fritz\Documents\GitHub\GradeTrack-Server
137 verbose already installed skipping gulp-consolidate@~0.1.2 C:\Users\Fritz\Documents\GitHub\GradeTrack-Server
138 verbose already installed skipping jade@~1.11.0 C:\Users\Fritz\Documents\GitHub\GradeTrack-Server
139 verbose already installed skipping main-bower-files@~2.9.0 C:\Users\Fritz\Documents\GitHub\GradeTrack-Server
140 verbose already installed skipping wiredep@~2.2.2 C:\Users\Fritz\Documents\GitHub\GradeTrack-Server
141 verbose already installed skipping karma@~0.13.10 C:\Users\Fritz\Documents\GitHub\GradeTrack-Server
142 verbose already installed skipping karma-jasmine@~0.3.6 C:\Users\Fritz\Documents\GitHub\GradeTrack-Server
143 verbose already installed skipping karma-phantomjs-launcher@~0.2.1 C:\Users\Fritz\Documents\GitHub\GradeTrack-Server
144 verbose already installed skipping phantomjs@~1.9.18 C:\Users\Fritz\Documents\GitHub\GradeTrack-Server
145 verbose already installed skipping karma-angular-filesort@~1.0.0 C:\Users\Fritz\Documents\GitHub\GradeTrack-Server
146 verbose already installed skipping karma-phantomjs-shim@~1.2.0 C:\Users\Fritz\Documents\GitHub\GradeTrack-Server
147 verbose already installed skipping karma-coverage@~0.5.2 C:\Users\Fritz\Documents\GitHub\GradeTrack-Server
148 verbose already installed skipping karma-ng-html2js-preprocessor@~0.2.0 C:\Users\Fritz\Documents\GitHub\GradeTrack-Server
149 verbose already installed skipping browser-sync@~2.9.11 C:\Users\Fritz\Documents\GitHub\GradeTrack-Server
150 verbose already installed skipping browser-sync-spa@~1.0.3 C:\Users\Fritz\Documents\GitHub\GradeTrack-Server
151 verbose already installed skipping http-proxy-middleware@~0.9.0 C:\Users\Fritz\Documents\GitHub\GradeTrack-Server
152 verbose already installed skipping chalk@~1.1.1 C:\Users\Fritz\Documents\GitHub\GradeTrack-Server
153 verbose already installed skipping uglify-save-license@~0.4.1 C:\Users\Fritz\Documents\GitHub\GradeTrack-Server
154 verbose already installed skipping wrench@~1.5.8 C:\Users\Fritz\Documents\GitHub\GradeTrack-Server
155 verbose already installed skipping async@^2.0.0-rc.3 C:\Users\Fritz\Documents\GitHub\GradeTrack-Server
156 verbose already installed skipping body-parser@~1.13.2 C:\Users\Fritz\Documents\GitHub\GradeTrack-Server
157 verbose already installed skipping bower@^1.7.7 C:\Users\Fritz\Documents\GitHub\GradeTrack-Server
158 verbose already installed skipping cookie-parser@~1.3.5 C:\Users\Fritz\Documents\GitHub\GradeTrack-Server
159 verbose already installed skipping debug@~2.2.0 C:\Users\Fritz\Documents\GitHub\GradeTrack-Server
160 verbose already installed skipping express@~4.13.1 C:\Users\Fritz\Documents\GitHub\GradeTrack-Server
161 verbose already installed skipping firebase@^2.4.2 C:\Users\Fritz\Documents\GitHub\GradeTrack-Server
162 verbose already installed skipping morgan@~1.6.1 C:\Users\Fritz\Documents\GitHub\GradeTrack-Server
163 verbose already installed skipping nodemailer@^2.3.2 C:\Users\Fritz\Documents\GitHub\GradeTrack-Server
164 verbose already installed skipping estraverse@~4.1.0 C:\Users\Fritz\Documents\GitHub\GradeTrack-Server
165 verbose already installed skipping gulp@~3.9.0 C:\Users\Fritz\Documents\GitHub\GradeTrack-Server
166 verbose already installed skipping gulp-autoprefixer@~3.0.2 C:\Users\Fritz\Documents\GitHub\GradeTrack-Server
167 verbose already installed skipping gulp-angular-templatecache@~1.8.0 C:\Users\Fritz\Documents\GitHub\GradeTrack-Server
168 verbose already installed skipping del@~2.0.2 C:\Users\Fritz\Documents\GitHub\GradeTrack-Server
169 verbose already installed skipping lodash@~3.10.1 C:\Users\Fritz\Documents\GitHub\GradeTrack-Server
170 verbose already installed skipping gulp-cssnano@~2.1.1 C:\Users\Fritz\Documents\GitHub\GradeTrack-Server
171 verbose already installed skipping gulp-filter@~3.0.1 C:\Users\Fritz\Documents\GitHub\GradeTrack-Server
172 verbose already installed skipping gulp-flatten@~0.2.0 C:\Users\Fritz\Documents\GitHub\GradeTrack-Server
173 verbose already installed skipping gulp-eslint@~1.0.0 C:\Users\Fritz\Documents\GitHub\GradeTrack-Server
174 verbose already installed skipping eslint-plugin-angular@~0.12.0 C:\Users\Fritz\Documents\GitHub\GradeTrack-Server
175 verbose already installed skipping gulp-load-plugins@~0.10.0 C:\Users\Fritz\Documents\GitHub\GradeTrack-Server
176 verbose already installed skipping gulp-size@~2.0.0 C:\Users\Fritz\Documents\GitHub\GradeTrack-Server
177 verbose already installed skipping gulp-uglify@~1.4.1 C:\Users\Fritz\Documents\GitHub\GradeTrack-Server
178 verbose already installed skipping gulp-useref@~3.0.3 C:\Users\Fritz\Documents\GitHub\GradeTrack-Server
179 verbose already installed skipping gulp-util@~3.0.6 C:\Users\Fritz\Documents\GitHub\GradeTrack-Server
180 verbose already installed skipping gulp-ng-annotate@~1.1.0 C:\Users\Fritz\Documents\GitHub\GradeTrack-Server
181 verbose already installed skipping gulp-replace@~0.5.4 C:\Users\Fritz\Documents\GitHub\GradeTrack-Server
182 verbose already installed skipping gulp-rename@~1.2.2 C:\Users\Fritz\Documents\GitHub\GradeTrack-Server
183 verbose already installed skipping gulp-rev@~6.0.1 C:\Users\Fritz\Documents\GitHub\GradeTrack-Server
184 silly install resolved []
185 info build C:\Users\Fritz\Documents\GitHub\GradeTrack-Server
186 info linkStuff tempPro@0.0.0
187 silly linkStuff tempPro@0.0.0 has C:\Users\Fritz\Documents\GitHub as its parent node_modules
188 verbose linkBins tempPro@0.0.0
189 verbose linkMans tempPro@0.0.0
190 verbose rebuildBundles tempPro@0.0.0
191 verbose rebuildBundles [ 'async',
191 verbose rebuildBundles   'body-parser',
191 verbose rebuildBundles   'bower',
191 verbose rebuildBundles   'browser-sync',
191 verbose rebuildBundles   'browser-sync-spa',
191 verbose rebuildBundles   'chalk',
191 verbose rebuildBundles   'cookie-parser',
191 verbose rebuildBundles   'debug',
191 verbose rebuildBundles   'del',
191 verbose rebuildBundles   'eslint-plugin-angular',
191 verbose rebuildBundles   'estraverse',
191 verbose rebuildBundles   'express',
191 verbose rebuildBundles   'firebase',
191 verbose rebuildBundles   'gulp',
191 verbose rebuildBundles   'gulp-angular-filesort',
191 verbose rebuildBundles   'gulp-angular-templatecache',
191 verbose rebuildBundles   'gulp-autoprefixer',
191 verbose rebuildBundles   'gulp-consolidate',
191 verbose rebuildBundles   'gulp-cssnano',
191 verbose rebuildBundles   'gulp-eslint',
191 verbose rebuildBundles   'gulp-filter',
191 verbose rebuildBundles   'gulp-flatten',
191 verbose rebuildBundles   'gulp-htmlmin',
191 verbose rebuildBundles   'gulp-inject',
191 verbose rebuildBundles   'gulp-load-plugins',
191 verbose rebuildBundles   'gulp-ng-annotate',
191 verbose rebuildBundles   'gulp-protractor',
191 verbose rebuildBundles   'gulp-rename',
191 verbose rebuildBundles   'gulp-replace',
191 verbose rebuildBundles   'gulp-rev',
191 verbose rebuildBundles   'gulp-rev-replace',
191 verbose rebuildBundles   'gulp-sass',
191 verbose rebuildBundles   'gulp-size',
191 verbose rebuildBundles   'gulp-sourcemaps',
191 verbose rebuildBundles   'gulp-uglify',
191 verbose rebuildBundles   'gulp-useref',
191 verbose rebuildBundles   'gulp-util',
191 verbose rebuildBundles   'http-proxy-middleware',
191 verbose rebuildBundles   'jade',
191 verbose rebuildBundles   'jasmine-core',
191 verbose rebuildBundles   'karma',
191 verbose rebuildBundles   'karma-angular-filesort',
191 verbose rebuildBundles   'karma-coverage',
191 verbose rebuildBundles   'karma-jasmine',
191 verbose rebuildBundles   'karma-ng-html2js-preprocessor',
191 verbose rebuildBundles   'karma-phantomjs-launcher',
191 verbose rebuildBundles   'karma-phantomjs-shim',
191 verbose rebuildBundles   'lodash',
191 verbose rebuildBundles   'main-bower-files',
191 verbose rebuildBundles   'morgan',
191 verbose rebuildBundles   'nodemailer',
191 verbose rebuildBundles   'phantomjs',
191 verbose rebuildBundles   'uglify-save-license',
191 verbose rebuildBundles   'wiredep',
191 verbose rebuildBundles   'wrench' ]
192 verbose rebuild bundle C:\Users\Fritz\Documents\GitHub\GradeTrack-Server\node_modules\jasmine-core
193 info build C:\Users\Fritz\Documents\GitHub\GradeTrack-Server\node_modules\jasmine-core
194 info preinstall jasmine-core@2.4.1
195 info linkStuff jasmine-core@2.4.1
196 silly linkStuff jasmine-core@2.4.1 has C:\Users\Fritz\Documents\GitHub\GradeTrack-Server\node_modules as its parent node_modules
197 verbose linkBins jasmine-core@2.4.1
198 verbose linkMans jasmine-core@2.4.1
199 verbose rebuildBundles jasmine-core@2.4.1
200 info install jasmine-core@2.4.1
201 info postinstall jasmine-core@2.4.1
202 info install tempPro@0.0.0
203 info postinstall tempPro@0.0.0
204 verbose unsafe-perm in lifecycle true
205 info tempPro@0.0.0 Failed to exec postinstall script
206 verbose stack Error: tempPro@0.0.0 postinstall: `node node_modules/bower/bin/bower install`
206 verbose stack Exit status 1
206 verbose stack     at EventEmitter.<anonymous> (C:\Program Files\nodejs\node_modules\npm\lib\utils\lifecycle.js:214:16)
206 verbose stack     at emitTwo (events.js:87:13)
206 verbose stack     at EventEmitter.emit (events.js:172:7)
206 verbose stack     at ChildProcess.<anonymous> (C:\Program Files\nodejs\node_modules\npm\lib\utils\spawn.js:24:14)
206 verbose stack     at emitTwo (events.js:87:13)
206 verbose stack     at ChildProcess.emit (events.js:172:7)
206 verbose stack     at maybeClose (internal/child_process.js:821:16)
206 verbose stack     at Process.ChildProcess._handle.onexit (internal/child_process.js:211:5)
207 verbose pkgid tempPro@0.0.0
208 verbose cwd C:\Users\Fritz\Documents\GitHub\GradeTrack-Server
209 error Windows_NT 6.1.7601
210 error argv "C:\\Program Files\\nodejs\\node.exe" "C:\\Program Files\\nodejs\\node_modules\\npm\\bin\\npm-cli.js" "install"
211 error node v4.3.0
212 error npm  v2.14.12
213 error code ELIFECYCLE
214 error tempPro@0.0.0 postinstall: `node node_modules/bower/bin/bower install`
214 error Exit status 1
215 error Failed at the tempPro@0.0.0 postinstall script 'node node_modules/bower/bin/bower install'.
215 error This is most likely a problem with the tempPro package,
215 error not with npm itself.
215 error Tell the author that this fails on your system:
215 error     node node_modules/bower/bin/bower install
215 error You can get their info via:
215 error     npm owner ls tempPro
215 error There is likely additional logging output above.
216 verbose exit [ 1, true ]
